{"F:\\CodeCoverage_API_POC\\src\\app.js":{"path":"F:\\CodeCoverage_API_POC\\src\\app.js","statementMap":{"0":{"start":{"line":3,"column":0},"end":{"line":5,"column":3}},"1":{"start":{"line":6,"column":0},"end":{"line":6,"column":28}},"2":{"start":{"line":7,"column":15},"end":{"line":7,"column":57}},"3":{"start":{"line":8,"column":20},"end":{"line":8,"column":72}},"4":{"start":{"line":9,"column":37},"end":{"line":9,"column":85}},"5":{"start":{"line":10,"column":203},"end":{"line":10,"column":244}},"6":{"start":{"line":10,"column":250},"end":{"line":10,"column":276}},"7":{"start":{"line":10,"column":282},"end":{"line":10,"column":314}},"8":{"start":{"line":10,"column":349},"end":{"line":10,"column":402}},"9":{"start":{"line":10,"column":408},"end":{"line":10,"column":434}},"10":{"start":{"line":10,"column":436},"end":{"line":10,"column":1795}},"11":{"start":{"line":10,"column":515},"end":{"line":10,"column":516}},"12":{"start":{"line":10,"column":522},"end":{"line":10,"column":529}},"13":{"start":{"line":10,"column":535},"end":{"line":10,"column":537}},"14":{"start":{"line":10,"column":543},"end":{"line":10,"column":651}},"15":{"start":{"line":10,"column":608},"end":{"line":10,"column":647}},"16":{"start":{"line":10,"column":672},"end":{"line":10,"column":1009}},"17":{"start":{"line":10,"column":747},"end":{"line":10,"column":751}},"18":{"start":{"line":10,"column":757},"end":{"line":10,"column":760}},"19":{"start":{"line":10,"column":766},"end":{"line":10,"column":770}},"20":{"start":{"line":10,"column":772},"end":{"line":10,"column":1007}},"21":{"start":{"line":10,"column":1010},"end":{"line":10,"column":1035}},"22":{"start":{"line":10,"column":1026},"end":{"line":10,"column":1035}},"23":{"start":{"line":10,"column":1036},"end":{"line":10,"column":1052}},"24":{"start":{"line":10,"column":1055},"end":{"line":10,"column":1775}},"25":{"start":{"line":10,"column":1083},"end":{"line":10,"column":1142}},"26":{"start":{"line":10,"column":1094},"end":{"line":10,"column":1142}},"27":{"start":{"line":10,"column":1143},"end":{"line":10,"column":1742}},"28":{"start":{"line":10,"column":1217},"end":{"line":10,"column":1287}},"29":{"start":{"line":10,"column":1288},"end":{"line":10,"column":1740}},"30":{"start":{"line":10,"column":1294},"end":{"line":10,"column":1684}},"31":{"start":{"line":10,"column":1310},"end":{"line":10,"column":1613}},"32":{"start":{"line":10,"column":1345},"end":{"line":10,"column":1422}},"33":{"start":{"line":10,"column":1370},"end":{"line":10,"column":1422}},"34":{"start":{"line":10,"column":1423},"end":{"line":10,"column":1445}},"35":{"start":{"line":10,"column":1436},"end":{"line":10,"column":1445}},"36":{"start":{"line":10,"column":1446},"end":{"line":10,"column":1476}},"37":{"start":{"line":10,"column":1484},"end":{"line":10,"column":1613}},"38":{"start":{"line":10,"column":1614},"end":{"line":10,"column":1620}},"39":{"start":{"line":10,"column":1628},"end":{"line":10,"column":1684}},"40":{"start":{"line":10,"column":1678},"end":{"line":10,"column":1684}},"41":{"start":{"line":10,"column":1699},"end":{"line":10,"column":1719}},"42":{"start":{"line":10,"column":1732},"end":{"line":10,"column":1738}},"43":{"start":{"line":10,"column":1743},"end":{"line":10,"column":1772}},"44":{"start":{"line":10,"column":1806},"end":{"line":10,"column":1808}},"45":{"start":{"line":10,"column":1907},"end":{"line":10,"column":1933}},"46":{"start":{"line":10,"column":1942},"end":{"line":10,"column":2031}},"47":{"start":{"line":10,"column":2012},"end":{"line":10,"column":2024}},"48":{"start":{"line":10,"column":2037},"end":{"line":10,"column":2114}},"49":{"start":{"line":10,"column":2132},"end":{"line":10,"column":2344}},"50":{"start":{"line":10,"column":2347},"end":{"line":10,"column":2961}},"51":{"start":{"line":10,"column":2792},"end":{"line":10,"column":2804}},"52":{"start":{"line":10,"column":2858},"end":{"line":10,"column":2886}},"53":{"start":{"line":10,"column":2933},"end":{"line":10,"column":2955}},"54":{"start":{"line":11,"column":51},"end":{"line":11,"column":72}},"55":{"start":{"line":11,"column":74},"end":{"line":11,"column":117}},"56":{"start":{"line":11,"column":80},"end":{"line":11,"column":94}},"57":{"start":{"line":11,"column":109},"end":{"line":11,"column":115}},"58":{"start":{"line":11,"column":118},"end":{"line":11,"column":468}},"59":{"start":{"line":11,"column":182},"end":{"line":11,"column":432}},"60":{"start":{"line":11,"column":189},"end":{"line":11,"column":274}},"61":{"start":{"line":11,"column":289},"end":{"line":11,"column":384}},"62":{"start":{"line":11,"column":308},"end":{"line":11,"column":382}},"63":{"start":{"line":11,"column":349},"end":{"line":11,"column":378}},"64":{"start":{"line":11,"column":386},"end":{"line":11,"column":430}},"65":{"start":{"line":12,"column":32},"end":{"line":12,"column":148}},"66":{"start":{"line":13,"column":30},"end":{"line":13,"column":191}},"67":{"start":{"line":14,"column":45},"end":{"line":14,"column":376}},"68":{"start":{"line":14,"column":54},"end":{"line":14,"column":111}},"69":{"start":{"line":14,"column":80},"end":{"line":14,"column":111}},"70":{"start":{"line":14,"column":120},"end":{"line":14,"column":152}},"71":{"start":{"line":14,"column":154},"end":{"line":14,"column":374}},"72":{"start":{"line":15,"column":35},"end":{"line":15,"column":81}},"73":{"start":{"line":15,"column":82},"end":{"line":15,"column":136}},"74":{"start":{"line":15,"column":95},"end":{"line":15,"column":96}},"75":{"start":{"line":15,"column":102},"end":{"line":15,"column":110}},"76":{"start":{"line":15,"column":124},"end":{"line":15,"column":136}},"77":{"start":{"line":15,"column":137},"end":{"line":15,"column":146}},"78":{"start":{"line":16,"column":47},"end":{"line":16,"column":135}},"79":{"start":{"line":16,"column":137},"end":{"line":16,"column":536}},"80":{"start":{"line":16,"column":174},"end":{"line":16,"column":176}},"81":{"start":{"line":16,"column":182},"end":{"line":16,"column":184}},"82":{"start":{"line":16,"column":190},"end":{"line":16,"column":192}},"83":{"start":{"line":16,"column":194},"end":{"line":16,"column":524}},"84":{"start":{"line":16,"column":200},"end":{"line":16,"column":366}},"85":{"start":{"line":16,"column":241},"end":{"line":16,"column":269}},"86":{"start":{"line":16,"column":262},"end":{"line":16,"column":269}},"87":{"start":{"line":16,"column":270},"end":{"line":16,"column":277}},"88":{"start":{"line":16,"column":285},"end":{"line":16,"column":366}},"89":{"start":{"line":16,"column":381},"end":{"line":16,"column":395}},"90":{"start":{"line":16,"column":408},"end":{"line":16,"column":522}},"91":{"start":{"line":16,"column":414},"end":{"line":16,"column":492}},"92":{"start":{"line":16,"column":485},"end":{"line":16,"column":492}},"93":{"start":{"line":16,"column":505},"end":{"line":16,"column":520}},"94":{"start":{"line":16,"column":512},"end":{"line":16,"column":520}},"95":{"start":{"line":16,"column":525},"end":{"line":16,"column":534}},"96":{"start":{"line":17,"column":30},"end":{"line":17,"column":61}},"97":{"start":{"line":17,"column":52},"end":{"line":17,"column":61}},"98":{"start":{"line":18,"column":51},"end":{"line":18,"column":120}},"99":{"start":{"line":18,"column":65},"end":{"line":18,"column":72}},"100":{"start":{"line":18,"column":78},"end":{"line":18,"column":85}},"101":{"start":{"line":18,"column":101},"end":{"line":18,"column":118}},"102":{"start":{"line":18,"column":121},"end":{"line":18,"column":167}},"103":{"start":{"line":19,"column":32},"end":{"line":19,"column":319}},"104":{"start":{"line":19,"column":61},"end":{"line":19,"column":65}},"105":{"start":{"line":19,"column":71},"end":{"line":19,"column":80}},"106":{"start":{"line":19,"column":82},"end":{"line":19,"column":316}},"107":{"start":{"line":19,"column":127},"end":{"line":19,"column":140}},"108":{"start":{"line":19,"column":162},"end":{"line":19,"column":216}},"109":{"start":{"line":19,"column":240},"end":{"line":19,"column":295}},"110":{"start":{"line":19,"column":298},"end":{"line":19,"column":312}},"111":{"start":{"line":20,"column":10},"end":{"line":20,"column":36}},"112":{"start":{"line":21,"column":0},"end":{"line":21,"column":36}},"113":{"start":{"line":22,"column":0},"end":{"line":52,"column":5}},"114":{"start":{"line":23,"column":13},"end":{"line":48,"column":5}},"115":{"start":{"line":25,"column":4},"end":{"line":47,"column":32}},"116":{"start":{"line":26,"column":6},"end":{"line":46,"column":7}},"117":{"start":{"line":26,"column":16},"end":{"line":46,"column":7}},"118":{"start":{"line":28,"column":10},"end":{"line":28,"column":25}},"119":{"start":{"line":29,"column":10},"end":{"line":29,"column":25}},"120":{"start":{"line":30,"column":10},"end":{"line":30,"column":75}},"121":{"start":{"line":32,"column":10},"end":{"line":32,"column":41}},"122":{"start":{"line":33,"column":10},"end":{"line":33,"column":68}},"123":{"start":{"line":34,"column":10},"end":{"line":34,"column":39}},"124":{"start":{"line":35,"column":10},"end":{"line":35,"column":25}},"125":{"start":{"line":36,"column":10},"end":{"line":36,"column":25}},"126":{"start":{"line":37,"column":10},"end":{"line":37,"column":16}},"127":{"start":{"line":39,"column":10},"end":{"line":39,"column":25}},"128":{"start":{"line":40,"column":10},"end":{"line":40,"column":26}},"129":{"start":{"line":41,"column":10},"end":{"line":43,"column":13}},"130":{"start":{"line":45,"column":10},"end":{"line":45,"column":31}},"131":{"start":{"line":49,"column":2},"end":{"line":51,"column":4}},"132":{"start":{"line":50,"column":4},"end":{"line":50,"column":39}},"133":{"start":{"line":53,"column":0},"end":{"line":53,"column":44}},"134":{"start":{"line":54,"column":15},"end":{"line":54,"column":39}}},"fnMap":{"0":{"name":"_interopRequireDefault","decl":{"start":{"line":9,"column":9},"end":{"line":9,"column":31}},"loc":{"start":{"line":9,"column":35},"end":{"line":9,"column":87}},"line":9},"1":{"name":"_regenerator","decl":{"start":{"line":10,"column":9},"end":{"line":10,"column":21}},"loc":{"start":{"line":10,"column":24},"end":{"line":10,"column":2963}},"line":10},"2":{"name":"i","decl":{"start":{"line":10,"column":325},"end":{"line":10,"column":326}},"loc":{"start":{"line":10,"column":339},"end":{"line":10,"column":1797}},"line":10},"3":{"name":"(anonymous_3)","decl":{"start":{"line":10,"column":477},"end":{"line":10,"column":478}},"loc":{"start":{"line":10,"column":496},"end":{"line":10,"column":1777}},"line":10},"4":{"name":"d","decl":{"start":{"line":10,"column":598},"end":{"line":10,"column":599}},"loc":{"start":{"line":10,"column":606},"end":{"line":10,"column":649}},"line":10},"5":{"name":"d","decl":{"start":{"line":10,"column":662},"end":{"line":10,"column":663}},"loc":{"start":{"line":10,"column":670},"end":{"line":10,"column":1054}},"line":10},"6":{"name":"(anonymous_6)","decl":{"start":{"line":10,"column":1062},"end":{"line":10,"column":1063}},"loc":{"start":{"line":10,"column":1081},"end":{"line":10,"column":1774}},"line":10},"7":{"name":"Generator","decl":{"start":{"line":10,"column":1819},"end":{"line":10,"column":1828}},"loc":{"start":{"line":10,"column":1831},"end":{"line":10,"column":1833}},"line":10},"8":{"name":"GeneratorFunction","decl":{"start":{"line":10,"column":1843},"end":{"line":10,"column":1860}},"loc":{"start":{"line":10,"column":1863},"end":{"line":10,"column":1865}},"line":10},"9":{"name":"GeneratorFunctionPrototype","decl":{"start":{"line":10,"column":1875},"end":{"line":10,"column":1901}},"loc":{"start":{"line":10,"column":1904},"end":{"line":10,"column":1906}},"line":10},"10":{"name":"(anonymous_10)","decl":{"start":{"line":10,"column":1998},"end":{"line":10,"column":1999}},"loc":{"start":{"line":10,"column":2010},"end":{"line":10,"column":2026}},"line":10},"11":{"name":"f","decl":{"start":{"line":10,"column":2125},"end":{"line":10,"column":2126}},"loc":{"start":{"line":10,"column":2130},"end":{"line":10,"column":2346}},"line":10},"12":{"name":"(anonymous_12)","decl":{"start":{"line":10,"column":2778},"end":{"line":10,"column":2779}},"loc":{"start":{"line":10,"column":2790},"end":{"line":10,"column":2806}},"line":10},"13":{"name":"(anonymous_13)","decl":{"start":{"line":10,"column":2844},"end":{"line":10,"column":2845}},"loc":{"start":{"line":10,"column":2856},"end":{"line":10,"column":2888}},"line":10},"14":{"name":"_regenerator","decl":{"start":{"line":10,"column":2916},"end":{"line":10,"column":2928}},"loc":{"start":{"line":10,"column":2931},"end":{"line":10,"column":2957}},"line":10},"15":{"name":"_regeneratorDefine2","decl":{"start":{"line":11,"column":9},"end":{"line":11,"column":28}},"loc":{"start":{"line":11,"column":41},"end":{"line":11,"column":470}},"line":11},"16":{"name":"_regeneratorDefine","decl":{"start":{"line":11,"column":149},"end":{"line":11,"column":167}},"loc":{"start":{"line":11,"column":180},"end":{"line":11,"column":434}},"line":11},"17":{"name":"o","decl":{"start":{"line":11,"column":298},"end":{"line":11,"column":299}},"loc":{"start":{"line":11,"column":306},"end":{"line":11,"column":384}},"line":11},"18":{"name":"(anonymous_18)","decl":{"start":{"line":11,"column":334},"end":{"line":11,"column":335}},"loc":{"start":{"line":11,"column":347},"end":{"line":11,"column":380}},"line":11},"19":{"name":"_slicedToArray","decl":{"start":{"line":12,"column":9},"end":{"line":12,"column":23}},"loc":{"start":{"line":12,"column":30},"end":{"line":12,"column":150}},"line":12},"20":{"name":"_nonIterableRest","decl":{"start":{"line":13,"column":9},"end":{"line":13,"column":25}},"loc":{"start":{"line":13,"column":28},"end":{"line":13,"column":193}},"line":13},"21":{"name":"_unsupportedIterableToArray","decl":{"start":{"line":14,"column":9},"end":{"line":14,"column":36}},"loc":{"start":{"line":14,"column":43},"end":{"line":14,"column":378}},"line":14},"22":{"name":"_arrayLikeToArray","decl":{"start":{"line":15,"column":9},"end":{"line":15,"column":26}},"loc":{"start":{"line":15,"column":33},"end":{"line":15,"column":148}},"line":15},"23":{"name":"_iterableToArrayLimit","decl":{"start":{"line":16,"column":9},"end":{"line":16,"column":30}},"loc":{"start":{"line":16,"column":37},"end":{"line":16,"column":538}},"line":16},"24":{"name":"_arrayWithHoles","decl":{"start":{"line":17,"column":9},"end":{"line":17,"column":24}},"loc":{"start":{"line":17,"column":28},"end":{"line":17,"column":63}},"line":17},"25":{"name":"asyncGeneratorStep","decl":{"start":{"line":18,"column":9},"end":{"line":18,"column":27}},"loc":{"start":{"line":18,"column":49},"end":{"line":18,"column":169}},"line":18},"26":{"name":"_asyncToGenerator","decl":{"start":{"line":19,"column":9},"end":{"line":19,"column":26}},"loc":{"start":{"line":19,"column":30},"end":{"line":19,"column":321}},"line":19},"27":{"name":"(anonymous_27)","decl":{"start":{"line":19,"column":39},"end":{"line":19,"column":40}},"loc":{"start":{"line":19,"column":51},"end":{"line":19,"column":318}},"line":19},"28":{"name":"(anonymous_28)","decl":{"start":{"line":19,"column":101},"end":{"line":19,"column":102}},"loc":{"start":{"line":19,"column":117},"end":{"line":19,"column":314}},"line":19},"29":{"name":"_next","decl":{"start":{"line":19,"column":151},"end":{"line":19,"column":156}},"loc":{"start":{"line":19,"column":160},"end":{"line":19,"column":218}},"line":19},"30":{"name":"_throw","decl":{"start":{"line":19,"column":228},"end":{"line":19,"column":234}},"loc":{"start":{"line":19,"column":238},"end":{"line":19,"column":297}},"line":19},"31":{"name":"(anonymous_31)","decl":{"start":{"line":22,"column":35},"end":{"line":22,"column":36}},"loc":{"start":{"line":22,"column":47},"end":{"line":52,"column":1}},"line":22},"32":{"name":"_callee","decl":{"start":{"line":23,"column":70},"end":{"line":23,"column":77}},"loc":{"start":{"line":23,"column":88},"end":{"line":48,"column":3}},"line":23},"33":{"name":"(anonymous_33)","decl":{"start":{"line":25,"column":28},"end":{"line":25,"column":29}},"loc":{"start":{"line":25,"column":48},"end":{"line":47,"column":5}},"line":25},"34":{"name":"(anonymous_34)","decl":{"start":{"line":49,"column":9},"end":{"line":49,"column":10}},"loc":{"start":{"line":49,"column":28},"end":{"line":51,"column":3}},"line":49}},"branchMap":{"0":{"loc":{"start":{"line":9,"column":44},"end":{"line":9,"column":84}},"type":"cond-expr","locations":[{"start":{"line":9,"column":64},"end":{"line":9,"column":65}},{"start":{"line":9,"column":68},"end":{"line":9,"column":84}}],"line":9},"1":{"loc":{"start":{"line":9,"column":44},"end":{"line":9,"column":61}},"type":"binary-expr","locations":[{"start":{"line":9,"column":44},"end":{"line":9,"column":45}},{"start":{"line":9,"column":49},"end":{"line":9,"column":61}}],"line":9},"2":{"loc":{"start":{"line":10,"column":203},"end":{"line":10,"column":244}},"type":"cond-expr","locations":[{"start":{"line":10,"column":233},"end":{"line":10,"column":239}},{"start":{"line":10,"column":242},"end":{"line":10,"column":244}}],"line":10},"3":{"loc":{"start":{"line":10,"column":250},"end":{"line":10,"column":276}},"type":"binary-expr","locations":[{"start":{"line":10,"column":250},"end":{"line":10,"column":260}},{"start":{"line":10,"column":264},"end":{"line":10,"column":276}}],"line":10},"4":{"loc":{"start":{"line":10,"column":282},"end":{"line":10,"column":314}},"type":"binary-expr","locations":[{"start":{"line":10,"column":282},"end":{"line":10,"column":295}},{"start":{"line":10,"column":299},"end":{"line":10,"column":314}}],"line":10},"5":{"loc":{"start":{"line":10,"column":349},"end":{"line":10,"column":402}},"type":"cond-expr","locations":[{"start":{"line":10,"column":389},"end":{"line":10,"column":390}},{"start":{"line":10,"column":393},"end":{"line":10,"column":402}}],"line":10},"6":{"loc":{"start":{"line":10,"column":349},"end":{"line":10,"column":386}},"type":"binary-expr","locations":[{"start":{"line":10,"column":349},"end":{"line":10,"column":350}},{"start":{"line":10,"column":354},"end":{"line":10,"column":386}}],"line":10},"7":{"loc":{"start":{"line":10,"column":522},"end":{"line":10,"column":529}},"type":"binary-expr","locations":[{"start":{"line":10,"column":522},"end":{"line":10,"column":523}},{"start":{"line":10,"column":527},"end":{"line":10,"column":529}}],"line":10},"8":{"loc":{"start":{"line":10,"column":698},"end":{"line":10,"column":727}},"type":"binary-expr","locations":[{"start":{"line":10,"column":698},"end":{"line":10,"column":700}},{"start":{"line":10,"column":704},"end":{"line":10,"column":705}},{"start":{"line":10,"column":709},"end":{"line":10,"column":711}},{"start":{"line":10,"column":715},"end":{"line":10,"column":727}}],"line":10},"9":{"loc":{"start":{"line":10,"column":772},"end":{"line":10,"column":1006}},"type":"cond-expr","locations":[{"start":{"line":10,"column":780},"end":{"line":10,"column":850}},{"start":{"line":10,"column":853},"end":{"line":10,"column":1006}}],"line":10},"10":{"loc":{"start":{"line":10,"column":780},"end":{"line":10,"column":850}},"type":"binary-expr","locations":[{"start":{"line":10,"column":781},"end":{"line":10,"column":792}},{"start":{"line":10,"column":798},"end":{"line":10,"column":849}}],"line":10},"11":{"loc":{"start":{"line":10,"column":804},"end":{"line":10,"column":831}},"type":"cond-expr","locations":[{"start":{"line":10,"column":817},"end":{"line":10,"column":818}},{"start":{"line":10,"column":822},"end":{"line":10,"column":830}}],"line":10},"12":{"loc":{"start":{"line":10,"column":853},"end":{"line":10,"column":1006}},"type":"binary-expr","locations":[{"start":{"line":10,"column":853},"end":{"line":10,"column":862}},{"start":{"line":10,"column":867},"end":{"line":10,"column":1005}}],"line":10},"13":{"loc":{"start":{"line":10,"column":867},"end":{"line":10,"column":1005}},"type":"cond-expr","locations":[{"start":{"line":10,"column":894},"end":{"line":10,"column":920}},{"start":{"line":10,"column":924},"end":{"line":10,"column":1005}}],"line":10},"14":{"loc":{"start":{"line":10,"column":872},"end":{"line":10,"column":889}},"type":"binary-expr","locations":[{"start":{"line":10,"column":872},"end":{"line":10,"column":877}},{"start":{"line":10,"column":881},"end":{"line":10,"column":889}}],"line":10},"15":{"loc":{"start":{"line":10,"column":924},"end":{"line":10,"column":1005}},"type":"binary-expr","locations":[{"start":{"line":10,"column":924},"end":{"line":10,"column":929}},{"start":{"line":10,"column":934},"end":{"line":10,"column":964}},{"start":{"line":10,"column":970},"end":{"line":10,"column":1004}}],"line":10},"16":{"loc":{"start":{"line":10,"column":938},"end":{"line":10,"column":964}},"type":"binary-expr","locations":[{"start":{"line":10,"column":938},"end":{"line":10,"column":943}},{"start":{"line":10,"column":947},"end":{"line":10,"column":955}},{"start":{"line":10,"column":959},"end":{"line":10,"column":964}}],"line":10},"17":{"loc":{"start":{"line":10,"column":1010},"end":{"line":10,"column":1035}},"type":"if","locations":[{"start":{"line":10,"column":1010},"end":{"line":10,"column":1035}},{"start":{},"end":{}}],"line":10},"18":{"loc":{"start":{"line":10,"column":1014},"end":{"line":10,"column":1024}},"type":"binary-expr","locations":[{"start":{"line":10,"column":1014},"end":{"line":10,"column":1015}},{"start":{"line":10,"column":1019},"end":{"line":10,"column":1024}}],"line":10},"19":{"loc":{"start":{"line":10,"column":1083},"end":{"line":10,"column":1142}},"type":"if","locations":[{"start":{"line":10,"column":1083},"end":{"line":10,"column":1142}},{"start":{},"end":{}}],"line":10},"20":{"loc":{"start":{"line":10,"column":1148},"end":{"line":10,"column":1171}},"type":"binary-expr","locations":[{"start":{"line":10,"column":1148},"end":{"line":10,"column":1149}},{"start":{"line":10,"column":1153},"end":{"line":10,"column":1160}},{"start":{"line":10,"column":1164},"end":{"line":10,"column":1171}}],"line":10},"21":{"loc":{"start":{"line":10,"column":1187},"end":{"line":10,"column":1212}},"type":"binary-expr","locations":[{"start":{"line":10,"column":1188},"end":{"line":10,"column":1205}},{"start":{"line":10,"column":1210},"end":{"line":10,"column":1212}}],"line":10},"22":{"loc":{"start":{"line":10,"column":1192},"end":{"line":10,"column":1205}},"type":"cond-expr","locations":[{"start":{"line":10,"column":1200},"end":{"line":10,"column":1201}},{"start":{"line":10,"column":1204},"end":{"line":10,"column":1205}}],"line":10},"23":{"loc":{"start":{"line":10,"column":1217},"end":{"line":10,"column":1286}},"type":"binary-expr","locations":[{"start":{"line":10,"column":1217},"end":{"line":10,"column":1218}},{"start":{"line":10,"column":1223},"end":{"line":10,"column":1285}}],"line":10},"24":{"loc":{"start":{"line":10,"column":1223},"end":{"line":10,"column":1285}},"type":"cond-expr","locations":[{"start":{"line":10,"column":1227},"end":{"line":10,"column":1275}},{"start":{"line":10,"column":1278},"end":{"line":10,"column":1285}}],"line":10},"25":{"loc":{"start":{"line":10,"column":1227},"end":{"line":10,"column":1275}},"type":"cond-expr","locations":[{"start":{"line":10,"column":1236},"end":{"line":10,"column":1264}},{"start":{"line":10,"column":1268},"end":{"line":10,"column":1275}}],"line":10},"26":{"loc":{"start":{"line":10,"column":1236},"end":{"line":10,"column":1255}},"type":"binary-expr","locations":[{"start":{"line":10,"column":1236},"end":{"line":10,"column":1241}},{"start":{"line":10,"column":1246},"end":{"line":10,"column":1254}}],"line":10},"27":{"loc":{"start":{"line":10,"column":1294},"end":{"line":10,"column":1684}},"type":"if","locations":[{"start":{"line":10,"column":1294},"end":{"line":10,"column":1684}},{"start":{"line":10,"column":1628},"end":{"line":10,"column":1684}}],"line":10},"28":{"loc":{"start":{"line":10,"column":1310},"end":{"line":10,"column":1613}},"type":"if","locations":[{"start":{"line":10,"column":1310},"end":{"line":10,"column":1613}},{"start":{"line":10,"column":1484},"end":{"line":10,"column":1613}}],"line":10},"29":{"loc":{"start":{"line":10,"column":1314},"end":{"line":10,"column":1331}},"type":"binary-expr","locations":[{"start":{"line":10,"column":1314},"end":{"line":10,"column":1315}},{"start":{"line":10,"column":1320},"end":{"line":10,"column":1330}}],"line":10},"30":{"loc":{"start":{"line":10,"column":1345},"end":{"line":10,"column":1422}},"type":"if","locations":[{"start":{"line":10,"column":1345},"end":{"line":10,"column":1422}},{"start":{},"end":{}}],"line":10},"31":{"loc":{"start":{"line":10,"column":1423},"end":{"line":10,"column":1445}},"type":"if","locations":[{"start":{"line":10,"column":1423},"end":{"line":10,"column":1445}},{"start":{},"end":{}}],"line":10},"32":{"loc":{"start":{"line":10,"column":1459},"end":{"line":10,"column":1475}},"type":"binary-expr","locations":[{"start":{"line":10,"column":1459},"end":{"line":10,"column":1464}},{"start":{"line":10,"column":1469},"end":{"line":10,"column":1474}}],"line":10},"33":{"loc":{"start":{"line":10,"column":1484},"end":{"line":10,"column":1525}},"type":"binary-expr","locations":[{"start":{"line":10,"column":1484},"end":{"line":10,"column":1491}},{"start":{"line":10,"column":1496},"end":{"line":10,"column":1511}},{"start":{"line":10,"column":1516},"end":{"line":10,"column":1525}}],"line":10},"34":{"loc":{"start":{"line":10,"column":1527},"end":{"line":10,"column":1612}},"type":"binary-expr","locations":[{"start":{"line":10,"column":1527},"end":{"line":10,"column":1532}},{"start":{"line":10,"column":1537},"end":{"line":10,"column":1611}}],"line":10},"35":{"loc":{"start":{"line":10,"column":1628},"end":{"line":10,"column":1684}},"type":"if","locations":[{"start":{"line":10,"column":1628},"end":{"line":10,"column":1684}},{"start":{},"end":{}}],"line":10},"36":{"loc":{"start":{"line":10,"column":1637},"end":{"line":10,"column":1669}},"type":"cond-expr","locations":[{"start":{"line":10,"column":1653},"end":{"line":10,"column":1654}},{"start":{"line":10,"column":1657},"end":{"line":10,"column":1669}}],"line":10},"37":{"loc":{"start":{"line":10,"column":1942},"end":{"line":10,"column":2031}},"type":"cond-expr","locations":[{"start":{"line":10,"column":1950},"end":{"line":10,"column":1963}},{"start":{"line":10,"column":1967},"end":{"line":10,"column":2030}}],"line":10},"38":{"loc":{"start":{"line":10,"column":2139},"end":{"line":10,"column":2308}},"type":"cond-expr","locations":[{"start":{"line":10,"column":2163},"end":{"line":10,"column":2215}},{"start":{"line":10,"column":2219},"end":{"line":10,"column":2307}}],"line":10},"39":{"loc":{"start":{"line":11,"column":182},"end":{"line":11,"column":432}},"type":"if","locations":[{"start":{"line":11,"column":182},"end":{"line":11,"column":432}},{"start":{"line":11,"column":279},"end":{"line":11,"column":432}}],"line":11},"40":{"loc":{"start":{"line":11,"column":189},"end":{"line":11,"column":273}},"type":"cond-expr","locations":[{"start":{"line":11,"column":193},"end":{"line":11,"column":262}},{"start":{"line":11,"column":265},"end":{"line":11,"column":273}}],"line":11},"41":{"loc":{"start":{"line":12,"column":39},"end":{"line":12,"column":147}},"type":"binary-expr","locations":[{"start":{"line":12,"column":39},"end":{"line":12,"column":57}},{"start":{"line":12,"column":61},"end":{"line":12,"column":88}},{"start":{"line":12,"column":92},"end":{"line":12,"column":125}},{"start":{"line":12,"column":129},"end":{"line":12,"column":147}}],"line":12},"42":{"loc":{"start":{"line":14,"column":45},"end":{"line":14,"column":376}},"type":"if","locations":[{"start":{"line":14,"column":45},"end":{"line":14,"column":376}},{"start":{},"end":{}}],"line":14},"43":{"loc":{"start":{"line":14,"column":54},"end":{"line":14,"column":111}},"type":"if","locations":[{"start":{"line":14,"column":54},"end":{"line":14,"column":111}},{"start":{},"end":{}}],"line":14},"44":{"loc":{"start":{"line":14,"column":161},"end":{"line":14,"column":220}},"type":"binary-expr","locations":[{"start":{"line":14,"column":161},"end":{"line":14,"column":175}},{"start":{"line":14,"column":179},"end":{"line":14,"column":192}},{"start":{"line":14,"column":197},"end":{"line":14,"column":219}}],"line":14},"45":{"loc":{"start":{"line":14,"column":222},"end":{"line":14,"column":373}},"type":"cond-expr","locations":[{"start":{"line":14,"column":251},"end":{"line":14,"column":264}},{"start":{"line":14,"column":267},"end":{"line":14,"column":373}}],"line":14},"46":{"loc":{"start":{"line":14,"column":222},"end":{"line":14,"column":248}},"type":"binary-expr","locations":[{"start":{"line":14,"column":222},"end":{"line":14,"column":233}},{"start":{"line":14,"column":237},"end":{"line":14,"column":248}}],"line":14},"47":{"loc":{"start":{"line":14,"column":267},"end":{"line":14,"column":373}},"type":"cond-expr","locations":[{"start":{"line":14,"column":341},"end":{"line":14,"column":364}},{"start":{"line":14,"column":367},"end":{"line":14,"column":373}}],"line":14},"48":{"loc":{"start":{"line":14,"column":267},"end":{"line":14,"column":338}},"type":"binary-expr","locations":[{"start":{"line":14,"column":267},"end":{"line":14,"column":284}},{"start":{"line":14,"column":288},"end":{"line":14,"column":338}}],"line":14},"49":{"loc":{"start":{"line":15,"column":35},"end":{"line":15,"column":80}},"type":"binary-expr","locations":[{"start":{"line":15,"column":36},"end":{"line":15,"column":45}},{"start":{"line":15,"column":49},"end":{"line":15,"column":61}},{"start":{"line":15,"column":67},"end":{"line":15,"column":79}}],"line":15},"50":{"loc":{"start":{"line":16,"column":47},"end":{"line":16,"column":135}},"type":"cond-expr","locations":[{"start":{"line":16,"column":59},"end":{"line":16,"column":63}},{"start":{"line":16,"column":66},"end":{"line":16,"column":135}}],"line":16},"51":{"loc":{"start":{"line":16,"column":66},"end":{"line":16,"column":135}},"type":"binary-expr","locations":[{"start":{"line":16,"column":66},"end":{"line":16,"column":94}},{"start":{"line":16,"column":98},"end":{"line":16,"column":116}},{"start":{"line":16,"column":120},"end":{"line":16,"column":135}}],"line":16},"52":{"loc":{"start":{"line":16,"column":137},"end":{"line":16,"column":536}},"type":"if","locations":[{"start":{"line":16,"column":137},"end":{"line":16,"column":536}},{"start":{},"end":{}}],"line":16},"53":{"loc":{"start":{"line":16,"column":200},"end":{"line":16,"column":366}},"type":"if","locations":[{"start":{"line":16,"column":200},"end":{"line":16,"column":366}},{"start":{"line":16,"column":285},"end":{"line":16,"column":366}}],"line":16},"54":{"loc":{"start":{"line":16,"column":241},"end":{"line":16,"column":269}},"type":"if","locations":[{"start":{"line":16,"column":241},"end":{"line":16,"column":269}},{"start":{},"end":{}}],"line":16},"55":{"loc":{"start":{"line":16,"column":292},"end":{"line":16,"column":356}},"type":"binary-expr","locations":[{"start":{"line":16,"column":292},"end":{"line":16,"column":319}},{"start":{"line":16,"column":324},"end":{"line":16,"column":355}}],"line":16},"56":{"loc":{"start":{"line":16,"column":414},"end":{"line":16,"column":492}},"type":"if","locations":[{"start":{"line":16,"column":414},"end":{"line":16,"column":492}},{"start":{},"end":{}}],"line":16},"57":{"loc":{"start":{"line":16,"column":418},"end":{"line":16,"column":483}},"type":"binary-expr","locations":[{"start":{"line":16,"column":418},"end":{"line":16,"column":420}},{"start":{"line":16,"column":424},"end":{"line":16,"column":443}},{"start":{"line":16,"column":448},"end":{"line":16,"column":482}}],"line":16},"58":{"loc":{"start":{"line":16,"column":505},"end":{"line":16,"column":520}},"type":"if","locations":[{"start":{"line":16,"column":505},"end":{"line":16,"column":520}},{"start":{},"end":{}}],"line":16},"59":{"loc":{"start":{"line":17,"column":30},"end":{"line":17,"column":61}},"type":"if","locations":[{"start":{"line":17,"column":30},"end":{"line":17,"column":61}},{"start":{},"end":{}}],"line":17},"60":{"loc":{"start":{"line":18,"column":121},"end":{"line":18,"column":166}},"type":"cond-expr","locations":[{"start":{"line":18,"column":130},"end":{"line":18,"column":134}},{"start":{"line":18,"column":137},"end":{"line":18,"column":166}}],"line":18},"61":{"loc":{"start":{"line":26,"column":16},"end":{"line":46,"column":7}},"type":"switch","locations":[{"start":{"line":27,"column":8},"end":{"line":30,"column":75}},{"start":{"line":31,"column":8},"end":{"line":37,"column":16}},{"start":{"line":38,"column":8},"end":{"line":43,"column":13}},{"start":{"line":44,"column":8},"end":{"line":45,"column":31}}],"line":26}},"s":{"0":1,"1":1,"2":1,"3":1,"4":2,"5":1,"6":1,"7":1,"8":1,"9":1,"10":1,"11":1,"12":1,"13":1,"14":1,"15":0,"16":2,"17":2,"18":2,"19":2,"20":2,"21":2,"22":2,"23":0,"24":1,"25":2,"26":0,"27":2,"28":3,"29":3,"30":3,"31":0,"32":0,"33":0,"34":0,"35":0,"36":0,"37":0,"38":0,"39":3,"40":2,"41":0,"42":3,"43":2,"44":1,"45":1,"46":1,"47":0,"48":1,"49":1,"50":1,"51":0,"52":0,"53":2,"54":1,"55":1,"56":1,"57":0,"58":1,"59":11,"60":10,"61":1,"62":3,"63":2,"64":1,"65":1,"66":0,"67":0,"68":0,"69":0,"70":0,"71":0,"72":0,"73":0,"74":0,"75":0,"76":0,"77":0,"78":0,"79":0,"80":0,"81":0,"82":0,"83":0,"84":0,"85":0,"86":0,"87":0,"88":0,"89":0,"90":0,"91":0,"92":0,"93":0,"94":0,"95":0,"96":1,"97":1,"98":2,"99":2,"100":2,"101":0,"102":2,"103":1,"104":1,"105":1,"106":1,"107":1,"108":2,"109":0,"110":1,"111":1,"112":1,"113":1,"114":1,"115":1,"116":2,"117":3,"118":1,"119":1,"120":1,"121":1,"122":1,"123":1,"124":1,"125":1,"126":1,"127":0,"128":0,"129":0,"130":1,"131":1,"132":1,"133":1,"134":1},"f":{"0":2,"1":1,"2":1,"3":1,"4":0,"5":2,"6":2,"7":0,"8":0,"9":0,"10":0,"11":1,"12":0,"13":0,"14":2,"15":1,"16":11,"17":3,"18":2,"19":1,"20":0,"21":0,"22":0,"23":0,"24":1,"25":2,"26":1,"27":1,"28":1,"29":2,"30":0,"31":1,"32":1,"33":2,"34":1},"b":{"0":[1,1],"1":[2,2],"2":[1,0],"3":[1,0],"4":[1,0],"5":[1,0],"6":[1,1],"7":[1,0],"8":[4,4,4,4],"9":[0,2],"10":[0,0],"11":[0,0],"12":[2,2],"13":[0,2],"14":[2,0],"15":[2,0,0],"16":[0,0,0],"17":[2,0],"18":[2,2],"19":[0,2],"20":[2,0,0],"21":[3,3],"22":[2,1],"23":[3,3],"24":[1,2],"25":[1,0],"26":[1,1],"27":[0,3],"28":[0,0],"29":[0,0],"30":[0,0],"31":[0,0],"32":[0,0],"33":[0,0,0],"34":[0,0],"35":[2,1],"36":[1,2],"37":[1,0],"38":[1,0],"39":[10,1],"40":[10,0],"41":[1,0,0,0],"42":[0,0],"43":[0,0],"44":[0,0,0],"45":[0,0],"46":[0,0],"47":[0,0],"48":[0,0],"49":[0,0,0],"50":[0,0],"51":[0,0,0],"52":[0,0],"53":[0,0],"54":[0,0],"55":[0,0],"56":[0,0],"57":[0,0,0],"58":[0,0],"59":[1,0],"60":[1,1],"61":[1,1,0,1]},"inputSourceMap":{"version":3,"names":["_express","_interopRequireDefault","require","_dbConnection","e","__esModule","_regenerator","t","r","Symbol","n","iterator","o","toStringTag","i","c","prototype","Generator","u","Object","create","_regeneratorDefine2","f","p","y","G","v","a","d","bind","length","l","TypeError","call","done","value","GeneratorFunction","GeneratorFunctionPrototype","getPrototypeOf","setPrototypeOf","__proto__","displayName","w","m","defineProperty","_regeneratorDefine","enumerable","configurable","writable","_invoke","_slicedToArray","_arrayWithHoles","_iterableToArrayLimit","_unsupportedIterableToArray","_nonIterableRest","_arrayLikeToArray","toString","slice","constructor","name","Array","from","test","next","push","isArray","asyncGeneratorStep","Promise","resolve","then","_asyncToGenerator","arguments","apply","_next","_throw","app","express","use","json","get","_ref","_callee","req","res","_yield$pool$query","_yield$pool$query2","rows","_t","_context","pool","query","status","error","_x","_x2","console","log","_default","exports"],"sourceRoot":"F:\\CodeCoverage_API_POC\\src\\","sources":["app.js"],"sourcesContent":["import express from 'express';\r\nimport pool from './dbConnection.js';\r\n\r\nconst app = express();\r\napp.use(express.json());\r\n\r\napp.get('/api/users', async (req, res) => {\r\n  try {\r\n    const [rows] = await pool.query('SELECT * FROM new_users');\r\n    res.json(rows);\r\n  } catch (err) {\r\n    res.status(500).json({ error: 'Database error' });\r\n  }\r\n});\r\n\r\nconsole.log('✅ app.js loaded and executed');\r\n\r\nexport default app;\r\n"],"mappings":";;;;;;AAAA,IAAAA,QAAA,GAAAC,sBAAA,CAAAC,OAAA;AACA,IAAAC,aAAA,GAAAF,sBAAA,CAAAC,OAAA;AAAqC,SAAAD,uBAAAG,CAAA,WAAAA,CAAA,IAAAA,CAAA,CAAAC,UAAA,GAAAD,CAAA,gBAAAA,CAAA;AAAA,SAAAE,aAAA,IAArC,uKAAAF,CAAA,EAAAG,CAAA,EAAAC,CAAA,wBAAAC,MAAA,GAAAA,MAAA,OAAAC,CAAA,GAAAF,CAAA,CAAAG,QAAA,kBAAAC,CAAA,GAAAJ,CAAA,CAAAK,WAAA,8BAAAC,EAAAN,CAAA,EAAAE,CAAA,EAAAE,CAAA,EAAAE,CAAA,QAAAC,CAAA,GAAAL,CAAA,IAAAA,CAAA,CAAAM,SAAA,YAAAC,SAAA,GAAAP,CAAA,GAAAO,SAAA,EAAAC,CAAA,GAAAC,MAAA,CAAAC,MAAA,CAAAL,CAAA,CAAAC,SAAA,UAAAK,mBAAA,CAAAH,CAAA,uBAAAV,CAAA,EAAAE,CAAA,EAAAE,CAAA,QAAAE,CAAA,EAAAC,CAAA,EAAAG,CAAA,EAAAI,CAAA,MAAAC,CAAA,GAAAX,CAAA,QAAAY,CAAA,OAAAC,CAAA,KAAAF,CAAA,KAAAb,CAAA,KAAAgB,CAAA,EAAAtB,CAAA,EAAAuB,CAAA,EAAAC,CAAA,EAAAN,CAAA,EAAAM,CAAA,CAAAC,IAAA,CAAAzB,CAAA,MAAAwB,CAAA,WAAAA,EAAArB,CAAA,EAAAC,CAAA,WAAAM,CAAA,GAAAP,CAAA,EAAAQ,CAAA,MAAAG,CAAA,GAAAd,CAAA,EAAAqB,CAAA,CAAAf,CAAA,GAAAF,CAAA,EAAAmB,CAAA,gBAAAC,EAAApB,CAAA,EAAAE,CAAA,SAAAK,CAAA,GAAAP,CAAA,EAAAU,CAAA,GAAAR,CAAA,EAAAH,CAAA,OAAAiB,CAAA,IAAAF,CAAA,KAAAV,CAAA,IAAAL,CAAA,GAAAgB,CAAA,CAAAO,MAAA,EAAAvB,CAAA,UAAAK,CAAA,EAAAE,CAAA,GAAAS,CAAA,CAAAhB,CAAA,GAAAqB,CAAA,GAAAH,CAAA,CAAAF,CAAA,EAAAQ,CAAA,GAAAjB,CAAA,KAAAN,CAAA,QAAAI,CAAA,GAAAmB,CAAA,KAAArB,CAAA,MAAAQ,CAAA,GAAAJ,CAAA,EAAAC,CAAA,GAAAD,CAAA,YAAAC,CAAA,WAAAD,CAAA,MAAAA,CAAA,MAAAV,CAAA,IAAAU,CAAA,OAAAc,CAAA,MAAAhB,CAAA,GAAAJ,CAAA,QAAAoB,CAAA,GAAAd,CAAA,QAAAC,CAAA,MAAAU,CAAA,CAAAC,CAAA,GAAAhB,CAAA,EAAAe,CAAA,CAAAf,CAAA,GAAAI,CAAA,OAAAc,CAAA,GAAAG,CAAA,KAAAnB,CAAA,GAAAJ,CAAA,QAAAM,CAAA,MAAAJ,CAAA,IAAAA,CAAA,GAAAqB,CAAA,MAAAjB,CAAA,MAAAN,CAAA,EAAAM,CAAA,MAAAJ,CAAA,EAAAe,CAAA,CAAAf,CAAA,GAAAqB,CAAA,EAAAhB,CAAA,cAAAH,CAAA,IAAAJ,CAAA,aAAAmB,CAAA,QAAAH,CAAA,OAAAd,CAAA,qBAAAE,CAAA,EAAAW,CAAA,EAAAQ,CAAA,QAAAT,CAAA,YAAAU,SAAA,uCAAAR,CAAA,UAAAD,CAAA,IAAAK,CAAA,CAAAL,CAAA,EAAAQ,CAAA,GAAAhB,CAAA,GAAAQ,CAAA,EAAAL,CAAA,GAAAa,CAAA,GAAAxB,CAAA,GAAAQ,CAAA,OAAAX,CAAA,GAAAc,CAAA,MAAAM,CAAA,KAAAV,CAAA,KAAAC,CAAA,GAAAA,CAAA,QAAAA,CAAA,SAAAU,CAAA,CAAAf,CAAA,QAAAkB,CAAA,CAAAb,CAAA,EAAAG,CAAA,KAAAO,CAAA,CAAAf,CAAA,GAAAQ,CAAA,GAAAO,CAAA,CAAAC,CAAA,GAAAR,CAAA,aAAAI,CAAA,MAAAR,CAAA,QAAAC,CAAA,KAAAH,CAAA,YAAAL,CAAA,GAAAO,CAAA,CAAAF,CAAA,WAAAL,CAAA,GAAAA,CAAA,CAAA0B,IAAA,CAAAnB,CAAA,EAAAI,CAAA,UAAAc,SAAA,2CAAAzB,CAAA,CAAA2B,IAAA,SAAA3B,CAAA,EAAAW,CAAA,GAAAX,CAAA,CAAA4B,KAAA,EAAApB,CAAA,SAAAA,CAAA,oBAAAA,CAAA,KAAAR,CAAA,GAAAO,CAAA,eAAAP,CAAA,CAAA0B,IAAA,CAAAnB,CAAA,GAAAC,CAAA,SAAAG,CAAA,GAAAc,SAAA,uCAAApB,CAAA,gBAAAG,CAAA,OAAAD,CAAA,GAAAV,CAAA,cAAAG,CAAA,IAAAiB,CAAA,GAAAC,CAAA,CAAAf,CAAA,QAAAQ,CAAA,GAAAV,CAAA,CAAAyB,IAAA,CAAAvB,CAAA,EAAAe,CAAA,OAAAE,CAAA,kBAAApB,CAAA,IAAAO,CAAA,GAAAV,CAAA,EAAAW,CAAA,MAAAG,CAAA,GAAAX,CAAA,cAAAe,CAAA,mBAAAa,KAAA,EAAA5B,CAAA,EAAA2B,IAAA,EAAAV,CAAA,SAAAhB,CAAA,EAAAI,CAAA,EAAAE,CAAA,QAAAI,CAAA,QAAAS,CAAA,gBAAAV,UAAA,cAAAmB,kBAAA,cAAAC,2BAAA,KAAA9B,CAAA,GAAAY,MAAA,CAAAmB,cAAA,MAAAvB,CAAA,MAAAL,CAAA,IAAAH,CAAA,CAAAA,CAAA,IAAAG,CAAA,SAAAW,mBAAA,CAAAd,CAAA,OAAAG,CAAA,iCAAAH,CAAA,GAAAW,CAAA,GAAAmB,0BAAA,CAAArB,SAAA,GAAAC,SAAA,CAAAD,SAAA,GAAAG,MAAA,CAAAC,MAAA,CAAAL,CAAA,YAAAO,EAAAlB,CAAA,WAAAe,MAAA,CAAAoB,cAAA,GAAApB,MAAA,CAAAoB,cAAA,CAAAnC,CAAA,EAAAiC,0BAAA,KAAAjC,CAAA,CAAAoC,SAAA,GAAAH,0BAAA,EAAAhB,mBAAA,CAAAjB,CAAA,EAAAQ,CAAA,yBAAAR,CAAA,CAAAY,SAAA,GAAAG,MAAA,CAAAC,MAAA,CAAAF,CAAA,GAAAd,CAAA,WAAAgC,iBAAA,CAAApB,SAAA,GAAAqB,0BAAA,EAAAhB,mBAAA,CAAAH,CAAA,iBAAAmB,0BAAA,GAAAhB,mBAAA,CAAAgB,0BAAA,iBAAAD,iBAAA,GAAAA,iBAAA,CAAAK,WAAA,wBAAApB,mBAAA,CAAAgB,0BAAA,EAAAzB,CAAA,wBAAAS,mBAAA,CAAAH,CAAA,GAAAG,mBAAA,CAAAH,CAAA,EAAAN,CAAA,gBAAAS,mBAAA,CAAAH,CAAA,EAAAR,CAAA,iCAAAW,mBAAA,CAAAH,CAAA,8DAAAZ,YAAA,YAAAA,aAAA,aAAAoC,CAAA,EAAA5B,CAAA,EAAA6B,CAAA,EAAArB,CAAA;AAAA,SAAAD,oBAAAjB,CAAA,EAAAI,CAAA,EAAAE,CAAA,EAAAH,CAAA,QAAAO,CAAA,GAAAK,MAAA,CAAAyB,cAAA,QAAA9B,CAAA,uBAAAV,CAAA,IAAAU,CAAA,QAAAO,mBAAA,YAAAwB,mBAAAzC,CAAA,EAAAI,CAAA,EAAAE,CAAA,EAAAH,CAAA,QAAAC,CAAA,EAAAM,CAAA,GAAAA,CAAA,CAAAV,CAAA,EAAAI,CAAA,IAAA2B,KAAA,EAAAzB,CAAA,EAAAoC,UAAA,GAAAvC,CAAA,EAAAwC,YAAA,GAAAxC,CAAA,EAAAyC,QAAA,GAAAzC,CAAA,MAAAH,CAAA,CAAAI,CAAA,IAAAE,CAAA,YAAAE,CAAA,YAAAA,EAAAJ,CAAA,EAAAE,CAAA,IAAAW,mBAAA,CAAAjB,CAAA,EAAAI,CAAA,YAAAJ,CAAA,gBAAA6C,OAAA,CAAAzC,CAAA,EAAAE,CAAA,EAAAN,CAAA,UAAAQ,CAAA,aAAAA,CAAA,cAAAA,CAAA,oBAAAS,mBAAA,CAAAjB,CAAA,EAAAI,CAAA,EAAAE,CAAA,EAAAH,CAAA;AAAA,SAAA2C,eAAA1C,CAAA,EAAAJ,CAAA,WAAA+C,eAAA,CAAA3C,CAAA,KAAA4C,qBAAA,CAAA5C,CAAA,EAAAJ,CAAA,KAAAiD,2BAAA,CAAA7C,CAAA,EAAAJ,CAAA,KAAAkD,gBAAA;AAAA,SAAAA,iBAAA,cAAAtB,SAAA;AAAA,SAAAqB,4BAAA7C,CAAA,EAAAmB,CAAA,QAAAnB,CAAA,2BAAAA,CAAA,SAAA+C,iBAAA,CAAA/C,CAAA,EAAAmB,CAAA,OAAApB,CAAA,MAAAiD,QAAA,CAAAvB,IAAA,CAAAzB,CAAA,EAAAiD,KAAA,6BAAAlD,CAAA,IAAAC,CAAA,CAAAkD,WAAA,KAAAnD,CAAA,GAAAC,CAAA,CAAAkD,WAAA,CAAAC,IAAA,aAAApD,CAAA,cAAAA,CAAA,GAAAqD,KAAA,CAAAC,IAAA,CAAArD,CAAA,oBAAAD,CAAA,+CAAAuD,IAAA,CAAAvD,CAAA,IAAAgD,iBAAA,CAAA/C,CAAA,EAAAmB,CAAA;AAAA,SAAA4B,kBAAA/C,CAAA,EAAAmB,CAAA,aAAAA,CAAA,IAAAA,CAAA,GAAAnB,CAAA,CAAAsB,MAAA,MAAAH,CAAA,GAAAnB,CAAA,CAAAsB,MAAA,YAAA1B,CAAA,MAAAM,CAAA,GAAAkD,KAAA,CAAAjC,CAAA,GAAAvB,CAAA,GAAAuB,CAAA,EAAAvB,CAAA,IAAAM,CAAA,CAAAN,CAAA,IAAAI,CAAA,CAAAJ,CAAA,UAAAM,CAAA;AAAA,SAAA0C,sBAAA5C,CAAA,EAAAuB,CAAA,QAAAxB,CAAA,WAAAC,CAAA,gCAAAC,MAAA,IAAAD,CAAA,CAAAC,MAAA,CAAAE,QAAA,KAAAH,CAAA,4BAAAD,CAAA,QAAAH,CAAA,EAAAM,CAAA,EAAAI,CAAA,EAAAI,CAAA,EAAAS,CAAA,OAAAL,CAAA,OAAAV,CAAA,iBAAAE,CAAA,IAAAP,CAAA,GAAAA,CAAA,CAAA0B,IAAA,CAAAzB,CAAA,GAAAuD,IAAA,QAAAhC,CAAA,QAAAZ,MAAA,CAAAZ,CAAA,MAAAA,CAAA,UAAAe,CAAA,uBAAAA,CAAA,IAAAlB,CAAA,GAAAU,CAAA,CAAAmB,IAAA,CAAA1B,CAAA,GAAA2B,IAAA,MAAAP,CAAA,CAAAqC,IAAA,CAAA5D,CAAA,CAAA+B,KAAA,GAAAR,CAAA,CAAAG,MAAA,KAAAC,CAAA,GAAAT,CAAA,iBAAAd,CAAA,IAAAI,CAAA,OAAAF,CAAA,GAAAF,CAAA,yBAAAc,CAAA,YAAAf,CAAA,eAAAW,CAAA,GAAAX,CAAA,cAAAY,MAAA,CAAAD,CAAA,MAAAA,CAAA,2BAAAN,CAAA,QAAAF,CAAA,aAAAiB,CAAA;AAAA,SAAAwB,gBAAA3C,CAAA,QAAAoD,KAAA,CAAAK,OAAA,CAAAzD,CAAA,UAAAA,CAAA;AAAA,SAAA0D,mBAAAxD,CAAA,EAAAH,CAAA,EAAAH,CAAA,EAAAI,CAAA,EAAAI,CAAA,EAAAe,CAAA,EAAAZ,CAAA,cAAAD,CAAA,GAAAJ,CAAA,CAAAiB,CAAA,EAAAZ,CAAA,GAAAG,CAAA,GAAAJ,CAAA,CAAAqB,KAAA,WAAAzB,CAAA,gBAAAN,CAAA,CAAAM,CAAA,KAAAI,CAAA,CAAAoB,IAAA,GAAA3B,CAAA,CAAAW,CAAA,IAAAiD,OAAA,CAAAC,OAAA,CAAAlD,CAAA,EAAAmD,IAAA,CAAA7D,CAAA,EAAAI,CAAA;AAAA,SAAA0D,kBAAA5D,CAAA,6BAAAH,CAAA,SAAAH,CAAA,GAAAmE,SAAA,aAAAJ,OAAA,WAAA3D,CAAA,EAAAI,CAAA,QAAAe,CAAA,GAAAjB,CAAA,CAAA8D,KAAA,CAAAjE,CAAA,EAAAH,CAAA,YAAAqE,MAAA/D,CAAA,IAAAwD,kBAAA,CAAAvC,CAAA,EAAAnB,CAAA,EAAAI,CAAA,EAAA6D,KAAA,EAAAC,MAAA,UAAAhE,CAAA,cAAAgE,OAAAhE,CAAA,IAAAwD,kBAAA,CAAAvC,CAAA,EAAAnB,CAAA,EAAAI,CAAA,EAAA6D,KAAA,EAAAC,MAAA,WAAAhE,CAAA,KAAA+D,KAAA;AAEA,IAAME,GAAG,GAAG,IAAAC,mBAAO,EAAC,CAAC;AACrBD,GAAG,CAACE,GAAG,CAACD,mBAAO,CAACE,IAAI,CAAC,CAAC,CAAC;AAEvBH,GAAG,CAACI,GAAG,CAAC,YAAY;EAAA,IAAAC,IAAA,GAAAV,iBAAA,cAAAhE,YAAA,GAAAqC,CAAA,CAAE,SAAAsC,QAAOC,GAAG,EAAEC,GAAG;IAAA,IAAAC,iBAAA,EAAAC,kBAAA,EAAAC,IAAA,EAAAC,EAAA;IAAA,OAAAjF,YAAA,GAAAoC,CAAA,WAAA8C,QAAA;MAAA,kBAAAA,QAAA,CAAA9E,CAAA;QAAA;UAAA8E,QAAA,CAAAjE,CAAA;UAAAiE,QAAA,CAAA9E,CAAA;UAAA,OAEZ+E,wBAAI,CAACC,KAAK,CAAC,yBAAyB,CAAC;QAAA;UAAAN,iBAAA,GAAAI,QAAA,CAAA9D,CAAA;UAAA2D,kBAAA,GAAAnC,cAAA,CAAAkC,iBAAA;UAAnDE,IAAI,GAAAD,kBAAA;UACXF,GAAG,CAACL,IAAI,CAACQ,IAAI,CAAC;UAACE,QAAA,CAAA9E,CAAA;UAAA;QAAA;UAAA8E,QAAA,CAAAjE,CAAA;UAAAgE,EAAA,GAAAC,QAAA,CAAA9D,CAAA;UAEfyD,GAAG,CAACQ,MAAM,CAAC,GAAG,CAAC,CAACb,IAAI,CAAC;YAAEc,KAAK,EAAE;UAAiB,CAAC,CAAC;QAAC;UAAA,OAAAJ,QAAA,CAAA7D,CAAA;MAAA;IAAA,GAAAsD,OAAA;EAAA,CAErD;EAAA,iBAAAY,EAAA,EAAAC,GAAA;IAAA,OAAAd,IAAA,CAAAR,KAAA,OAAAD,SAAA;EAAA;AAAA,IAAC;AAEFwB,OAAO,CAACC,GAAG,CAAC,8BAA8B,CAAC;AAAC,IAAAC,QAAA,GAAAC,OAAA,cAE7BvB,GAAG","ignoreList":[]},"_coverageSchema":"1a1c01bbd47fc00a2c39e90264f33305004495a9","hash":"282d3fa21b13cf8d577489e054854e67920c2c64","contentHash":"2a3eb8cc50fcd89556d0ee030cbfa7c05283d45203368e2594bf5f7b21faf879"},"F:\\CodeCoverage_API_POC\\src\\dbConnection.js":{"path":"F:\\CodeCoverage_API_POC\\src\\dbConnection.js","statementMap":{"0":{"start":{"line":3,"column":0},"end":{"line":5,"column":3}},"1":{"start":{"line":6,"column":0},"end":{"line":6,"column":28}},"2":{"start":{"line":7,"column":15},"end":{"line":7,"column":64}},"3":{"start":{"line":8,"column":37},"end":{"line":8,"column":85}},"4":{"start":{"line":9,"column":11},"end":{"line":16,"column":2}},"5":{"start":{"line":17,"column":15},"end":{"line":17,"column":40}}},"fnMap":{"0":{"name":"_interopRequireDefault","decl":{"start":{"line":8,"column":9},"end":{"line":8,"column":31}},"loc":{"start":{"line":8,"column":35},"end":{"line":8,"column":87}},"line":8}},"branchMap":{"0":{"loc":{"start":{"line":8,"column":44},"end":{"line":8,"column":84}},"type":"cond-expr","locations":[{"start":{"line":8,"column":64},"end":{"line":8,"column":65}},{"start":{"line":8,"column":68},"end":{"line":8,"column":84}}],"line":8},"1":{"loc":{"start":{"line":8,"column":44},"end":{"line":8,"column":61}},"type":"binary-expr","locations":[{"start":{"line":8,"column":44},"end":{"line":8,"column":45}},{"start":{"line":8,"column":49},"end":{"line":8,"column":61}}],"line":8}},"s":{"0":1,"1":1,"2":1,"3":1,"4":1,"5":1},"f":{"0":1},"b":{"0":[0,1],"1":[1,1]},"inputSourceMap":{"version":3,"names":["_promise","_interopRequireDefault","require","e","__esModule","pool","mysql","createPool","host","user","password","database","waitForConnections","connectionLimit","_default","exports"],"sourceRoot":"F:\\CodeCoverage_API_POC\\src\\","sources":["dbConnection.js"],"sourcesContent":["import mysql from 'mysql2/promise';\r\n\r\nconst pool = mysql.createPool({\r\n  host: 'localhost',\r\n  user: 'root',\r\n  password: 'root',\r\n  database: 'dummy_users',\r\n  waitForConnections: true,\r\n  connectionLimit: 10\r\n});\r\n\r\nexport default pool;"],"mappings":";;;;;;AAAA,IAAAA,QAAA,GAAAC,sBAAA,CAAAC,OAAA;AAAmC,SAAAD,uBAAAE,CAAA,WAAAA,CAAA,IAAAA,CAAA,CAAAC,UAAA,GAAAD,CAAA,gBAAAA,CAAA;AAEnC,IAAME,IAAI,GAAGC,mBAAK,CAACC,UAAU,CAAC;EAC5BC,IAAI,EAAE,WAAW;EACjBC,IAAI,EAAE,MAAM;EACZC,QAAQ,EAAE,MAAM;EAChBC,QAAQ,EAAE,aAAa;EACvBC,kBAAkB,EAAE,IAAI;EACxBC,eAAe,EAAE;AACnB,CAAC,CAAC;AAAC,IAAAC,QAAA,GAAAC,OAAA,cAEYV,IAAI","ignoreList":[]},"_coverageSchema":"1a1c01bbd47fc00a2c39e90264f33305004495a9","hash":"aa9275b7d541250c96de3a72de6578df09633877","contentHash":"6758e3eaa623b45880c5c81b816ab74319ceab40a042eb061351ab79e3917013"}}